<?xml version="1.0" encoding="UTF-8"?>
<testng-results ignored="0" total="0" passed="0" failed="0" skipped="0">
  <reporter-output>
  </reporter-output>
  <suite started-at="2022-10-17T13:02:49 IST" name="Default suite" finished-at="2022-10-17T13:02:49 IST" duration-ms="17">
    <groups>
    </groups>
    <test started-at="2022-10-17T13:02:49 IST" name="Default test" finished-at="2022-10-17T13:02:49 IST" duration-ms="17">
      <class name="com.crm.Generic_Utilities.BaseClass">
        <test-method is-config="true" signature="BS()[pri:0, instance:com.crm.Generic_Utilities.BaseClass@3b582111]" started-at="2022-10-17T13:02:49 IST" name="BS" finished-at="2022-10-17T13:02:49 IST" duration-ms="18" status="PASS">
          <reporter-output>
          </reporter-output>
        </test-method> <!-- BS -->
        <test-method is-config="true" signature="BT()[pri:0, instance:com.crm.Generic_Utilities.BaseClass@3b582111]" started-at="2022-10-17T13:02:49 IST" name="BT" finished-at="2022-10-17T13:02:49 IST" duration-ms="0" status="PASS">
          <reporter-output>
          </reporter-output>
        </test-method> <!-- BT -->
        <test-method is-config="true" signature="AT()[pri:0, instance:com.crm.Generic_Utilities.BaseClass@3b582111]" started-at="2022-10-17T13:02:49 IST" name="AT" finished-at="2022-10-17T13:02:49 IST" duration-ms="0" status="PASS">
          <reporter-output>
          </reporter-output>
        </test-method> <!-- AT -->
        <test-method is-config="true" signature="AS()[pri:0, instance:com.crm.Generic_Utilities.BaseClass@3b582111]" started-at="2022-10-17T13:02:49 IST" name="AS" finished-at="2022-10-17T13:02:49 IST" duration-ms="1" status="PASS">
          <reporter-output>
          </reporter-output>
        </test-method> <!-- AS -->
      </class> <!-- com.crm.Generic_Utilities.BaseClass -->
    </test> <!-- Default test -->
  </suite> <!-- Default suite -->
</testng-results>
